0 info it worked if it ends with ok
1 verbose cli [ '/Users/ianbrennan/.nvm/versions/node/v6.5.0/bin/node',
1 verbose cli   '/Users/ianbrennan/.nvm/versions/node/v6.5.0/bin/npm',
1 verbose cli   'run',
1 verbose cli   'serve' ]
2 info using npm@3.10.3
3 info using node@v6.5.0
4 verbose run-script [ 'preserve', 'serve', 'postserve' ]
5 info lifecycle nodemongo@1.0.0~preserve: nodemongo@1.0.0
6 silly lifecycle nodemongo@1.0.0~preserve: no script for preserve, continuing
7 info lifecycle nodemongo@1.0.0~serve: nodemongo@1.0.0
8 verbose lifecycle nodemongo@1.0.0~serve: unsafe-perm in lifecycle true
9 verbose lifecycle nodemongo@1.0.0~serve: PATH: /Users/ianbrennan/.nvm/versions/node/v6.5.0/lib/node_modules/npm/bin/node-gyp-bin:/Users/ianbrennan/projects/nodemongo/node_modules/.bin:/Users/ianbrennan/.nvm/versions/node/v6.5.0/bin:/Users/ianbrennan/.nvm/versions/node/v6.5.0/bin:/Users/ianbrennan/bin:/usr/local/bin:/usr/bin:/bin:/usr/sbin:/sbin
10 verbose lifecycle nodemongo@1.0.0~serve: CWD: /Users/ianbrennan/projects/nodemongo
11 silly lifecycle nodemongo@1.0.0~serve: Args: [ '-c', 'npm run build && node dist/index.js' ]
12 silly lifecycle nodemongo@1.0.0~serve: Returned: code: 1  signal: null
13 info lifecycle nodemongo@1.0.0~serve: Failed to exec serve script
14 verbose stack Error: nodemongo@1.0.0 serve: `npm run build && node dist/index.js`
14 verbose stack Exit status 1
14 verbose stack     at EventEmitter.<anonymous> (/Users/ianbrennan/.nvm/versions/node/v6.5.0/lib/node_modules/npm/lib/utils/lifecycle.js:242:16)
14 verbose stack     at emitTwo (events.js:106:13)
14 verbose stack     at EventEmitter.emit (events.js:191:7)
14 verbose stack     at ChildProcess.<anonymous> (/Users/ianbrennan/.nvm/versions/node/v6.5.0/lib/node_modules/npm/lib/utils/spawn.js:40:14)
14 verbose stack     at emitTwo (events.js:106:13)
14 verbose stack     at ChildProcess.emit (events.js:191:7)
14 verbose stack     at maybeClose (internal/child_process.js:877:16)
14 verbose stack     at Process.ChildProcess._handle.onexit (internal/child_process.js:226:5)
15 verbose pkgid nodemongo@1.0.0
16 verbose cwd /Users/ianbrennan/projects/nodemongo
17 error Darwin 16.3.0
18 error argv "/Users/ianbrennan/.nvm/versions/node/v6.5.0/bin/node" "/Users/ianbrennan/.nvm/versions/node/v6.5.0/bin/npm" "run" "serve"
19 error node v6.5.0
20 error npm  v3.10.3
21 error code ELIFECYCLE
22 error nodemongo@1.0.0 serve: `npm run build && node dist/index.js`
22 error Exit status 1
23 error Failed at the nodemongo@1.0.0 serve script 'npm run build && node dist/index.js'.
23 error Make sure you have the latest version of node.js and npm installed.
23 error If you do, this is most likely a problem with the nodemongo package,
23 error not with npm itself.
23 error Tell the author that this fails on your system:
23 error     npm run build && node dist/index.js
23 error You can get information on how to open an issue for this project with:
23 error     npm bugs nodemongo
23 error Or if that isn't available, you can get their info via:
23 error     npm owner ls nodemongo
23 error There is likely additional logging output above.
24 verbose exit [ 1, true ]
